[26-Sep-2023 10:11:06 UTC] PHP Fatal error:  Uncaught TypeError: call_user_func(): Argument #1 ($callback) must be a valid callback, function "render_custom_about_page_description_metabox" not found or invalid function name in D:\xampp\htdocs\StyleBlog\wp-admin\includes\template.php:1443
Stack trace:
#0 D:\xampp\htdocs\StyleBlog\wp-admin\edit-form-advanced.php(688): do_meta_boxes(Object(WP_Screen), 'normal', Object(WP_Post))
#1 D:\xampp\htdocs\StyleBlog\wp-admin\post.php(206): require('D:\\xampp\\htdocs...')
#2 {main}
  thrown in D:\xampp\htdocs\StyleBlog\wp-admin\includes\template.php on line 1443
[28-Sep-2023 04:57:21 UTC] PHP Fatal error:  Uncaught TypeError: call_user_func(): Argument #1 ($callback) must be a valid callback, function "render_custom_about_page_member_2_metabox" not found or invalid function name in D:\xampp\htdocs\StyleBlog\wp-admin\includes\template.php:1443
Stack trace:
#0 D:\xampp\htdocs\StyleBlog\wp-admin\edit-form-advanced.php(688): do_meta_boxes(Object(WP_Screen), 'normal', Object(WP_Post))
#1 D:\xampp\htdocs\StyleBlog\wp-admin\post.php(206): require('D:\\xampp\\htdocs...')
#2 {main}
  thrown in D:\xampp\htdocs\StyleBlog\wp-admin\includes\template.php on line 1443
[28-Sep-2023 08:32:03 UTC] PHP Warning:  Undefined variable $big_post_thumbnail_settings in D:\xampp\htdocs\StyleBlog\wp-content\themes\style-blog\front-page.php on line 173
[28-Sep-2023 10:49:39 UTC] PHP Warning:  Undefined property: WP_Screen::$post_title in D:\xampp\htdocs\StyleBlog\wp-content\themes\style-blog\functions.php on line 253
[28-Sep-2023 10:50:43 UTC] PHP Warning:  Undefined property: WP_Screen::$post_title in D:\xampp\htdocs\StyleBlog\wp-content\themes\style-blog\functions.php on line 252
[28-Sep-2023 10:50:43 UTC] PHP Warning:  Undefined property: WP_Screen::$post_title in D:\xampp\htdocs\StyleBlog\wp-content\themes\style-blog\functions.php on line 414
[28-Sep-2023 11:31:15 UTC] PHP Warning:  Undefined property: WP_Screen::$post_title in D:\xampp\htdocs\StyleBlog\wp-content\themes\style-blog\functions.php on line 252
[28-Sep-2023 11:31:15 UTC] PHP Warning:  Undefined property: WP_Screen::$post_title in D:\xampp\htdocs\StyleBlog\wp-content\themes\style-blog\functions.php on line 414
[28-Sep-2023 11:31:15 UTC] PHP Warning:  Undefined property: WP_Screen::$post_title in D:\xampp\htdocs\StyleBlog\wp-content\themes\style-blog\functions.php on line 252
[28-Sep-2023 11:31:15 UTC] PHP Warning:  Undefined property: WP_Screen::$post_title in D:\xampp\htdocs\StyleBlog\wp-content\themes\style-blog\functions.php on line 414
[28-Sep-2023 11:36:57 UTC] PHP Warning:  Undefined property: WP_Screen::$post_title in D:\xampp\htdocs\StyleBlog\wp-content\themes\style-blog\functions.php on line 252
[28-Sep-2023 11:36:57 UTC] PHP Warning:  Undefined property: WP_Screen::$post_title in D:\xampp\htdocs\StyleBlog\wp-content\themes\style-blog\functions.php on line 415
[28-Sep-2023 11:37:23 UTC] PHP Warning:  Undefined property: WP_Screen::$post_title in D:\xampp\htdocs\StyleBlog\wp-content\themes\style-blog\functions.php on line 252
[28-Sep-2023 11:37:23 UTC] PHP Warning:  Undefined property: WP_Screen::$page_id in D:\xampp\htdocs\StyleBlog\wp-content\themes\style-blog\functions.php on line 415
[28-Sep-2023 11:39:56 UTC] PHP Warning:  Undefined property: WP_Screen::$post_title in D:\xampp\htdocs\StyleBlog\wp-content\themes\style-blog\functions.php on line 252
[28-Sep-2023 11:40:18 UTC] PHP Warning:  Undefined property: WP_Screen::$post_title in D:\xampp\htdocs\StyleBlog\wp-content\themes\style-blog\functions.php on line 252
[28-Sep-2023 11:45:58 UTC] PHP Warning:  Undefined property: WP_Screen::$post_title in D:\xampp\htdocs\StyleBlog\wp-content\themes\style-blog\functions.php on line 252
[28-Sep-2023 11:46:57 UTC] PHP Warning:  Undefined property: WP_Screen::$post_title in D:\xampp\htdocs\StyleBlog\wp-content\themes\style-blog\functions.php on line 252
[28-Sep-2023 11:47:07 UTC] PHP Warning:  Undefined property: WP_Screen::$post_title in D:\xampp\htdocs\StyleBlog\wp-content\themes\style-blog\functions.php on line 252
[28-Sep-2023 11:47:27 UTC] PHP Warning:  Undefined property: WP_Screen::$post_title in D:\xampp\htdocs\StyleBlog\wp-content\themes\style-blog\functions.php on line 252
[28-Sep-2023 11:47:57 UTC] PHP Warning:  Undefined property: WP_Screen::$post_title in D:\xampp\htdocs\StyleBlog\wp-content\themes\style-blog\functions.php on line 252
[28-Sep-2023 11:54:18 UTC] PHP Warning:  Attempt to read property "ID" on string in D:\xampp\htdocs\StyleBlog\wp-content\themes\style-blog\functions.php on line 251
[28-Sep-2023 11:54:55 UTC] PHP Warning:  Attempt to read property "ID" on string in D:\xampp\htdocs\StyleBlog\wp-content\themes\style-blog\functions.php on line 251
